#-----------------------------------------------------------
# Vivado v2017.1 (64-bit)
# SW Build 1846317 on Fri Apr 14 18:55:03 MDT 2017
# IP Build 1846188 on Fri Apr 14 20:52:08 MDT 2017
# Start of session at: Thu Jul 26 16:25:26 2018
# Process ID: 2548
# Current directory: C:/ucos_ex2017
# Command line: vivado.exe -gui_launcher_event rodinguilauncherevent15264 C:\ucos_ex2017\ucos_ex2017.xpr
# Log file: C:/ucos_ex2017/vivado.log
# Journal file: C:/ucos_ex2017\vivado.jou
#-----------------------------------------------------------
start_gui
open_project C:/ucos_ex2017/ucos_ex2017.xpr
Scanning sources...
Finished scanning sources
INFO: [IP_Flow 19-234] Refreshing IP repositories
INFO: [IP_Flow 19-1704] No user IP repositories specified
INFO: [IP_Flow 19-2313] Loaded Vivado IP repository 'C:/Xilinx/Vivado/2017.1/data/ip'.
open_project: Time (s): cpu = 00:00:24 ; elapsed = 00:00:15 . Memory (MB): peak = 879.395 ; gain = 104.438
update_compile_order -fileset sources_1
launch_sdk -workspace C:/ucos_ex2017/ucos_ex2017.sdk -hwspec C:/ucos_ex2017/ucos_ex2017.sdk/system_wrapper.hdf
INFO: [Vivado 12-393] Launching SDK...
INFO: [Vivado 12-417] Running xsdk -workspace C:/ucos_ex2017/ucos_ex2017.sdk -hwspec C:/ucos_ex2017/ucos_ex2017.sdk/system_wrapper.hdf
INFO: [Vivado 12-3157] SDK launch initiated. Please check console for any further messages.
open_bd_design {C:/ucos_ex2017/ucos_ex2017.srcs/sources_1/bd/system/system.bd}
Adding cell -- xilinx.com:ip:processing_system7:5.5 - processing_system7_0
Adding cell -- xilinx.com:ip:axi_timer:2.0 - axi_timer_0
Adding cell -- xilinx.com:ip:axi_timer:2.0 - axi_timer_1
Adding cell -- xilinx.com:ip:proc_sys_reset:5.0 - rst_ps7_0_50M
Adding cell -- xilinx.com:ip:xlconcat:2.1 - xlconcat_0
Adding cell -- xilinx.com:ip:axi_crossbar:2.1 - xbar
Adding cell -- xilinx.com:ip:axi_protocol_converter:2.1 - auto_pc
Successfully read diagram <system> from BD file <C:/ucos_ex2017/ucos_ex2017.srcs/sources_1/bd/system/system.bd>
open_bd_design: Time (s): cpu = 00:00:10 ; elapsed = 00:00:13 . Memory (MB): peak = 913.340 ; gain = 33.945
WARNING: [IP_Flow 19-474] Invalid Parameter 'Component_Name'
WARNING: [IP_Flow 19-474] Invalid Parameter 'Component_Name'
exit
INFO: [Common 17-206] Exiting Vivado at Thu Jul 26 19:55:10 2018...
