#-----------------------------------------------------------
# Vivado v2017.1 (64-bit)
# SW Build 1846317 on Fri Apr 14 18:55:03 MDT 2017
# IP Build 1846188 on Fri Apr 14 20:52:08 MDT 2017
# Start of session at: Thu Jul 26 10:38:25 2018
# Process ID: 1748
# Current directory: C:/ucos_ex2017
# Command line: vivado.exe -gui_launcher_event rodinguilauncherevent4616 C:\ucos_ex2017\ucos_ex2017.xpr
# Log file: C:/ucos_ex2017/vivado.log
# Journal file: C:/ucos_ex2017\vivado.jou
#-----------------------------------------------------------
start_gui
open_project C:/ucos_ex2017/ucos_ex2017.xpr
Scanning sources...
Finished scanning sources
INFO: [IP_Flow 19-234] Refreshing IP repositories
INFO: [IP_Flow 19-1704] No user IP repositories specified
INFO: [IP_Flow 19-2313] Loaded Vivado IP repository 'C:/Xilinx/Vivado/2017.1/data/ip'.
open_project: Time (s): cpu = 00:00:26 ; elapsed = 00:00:17 . Memory (MB): peak = 886.770 ; gain = 159.770
update_compile_order -fileset sources_1
open_bd_design {C:/ucos_ex2017/ucos_ex2017.srcs/sources_1/bd/system/system.bd}
Adding cell -- xilinx.com:ip:processing_system7:5.5 - processing_system7_0
Adding cell -- xilinx.com:ip:axi_timer:2.0 - axi_timer_0
Adding cell -- xilinx.com:ip:axi_timer:2.0 - axi_timer_1
Adding cell -- xilinx.com:ip:proc_sys_reset:5.0 - rst_ps7_0_50M
Adding cell -- xilinx.com:ip:xlconcat:2.1 - xlconcat_0
Adding cell -- xilinx.com:ip:axi_crossbar:2.1 - xbar
Adding cell -- xilinx.com:ip:axi_protocol_converter:2.1 - auto_pc
Successfully read diagram <system> from BD file <C:/ucos_ex2017/ucos_ex2017.srcs/sources_1/bd/system/system.bd>
open_bd_design: Time (s): cpu = 00:00:09 ; elapsed = 00:00:11 . Memory (MB): peak = 899.793 ; gain = 13.023
WARNING: [IP_Flow 19-474] Invalid Parameter 'Component_Name'
reset_run impl_1 -prev_step 
launch_runs impl_1 -to_step write_bitstream -jobs 4
[Thu Jul 26 10:41:07 2018] Launched impl_1...
Run output will be captured here: C:/ucos_ex2017/ucos_ex2017.runs/impl_1/runme.log
file copy -force C:/ucos_ex2017/ucos_ex2017.runs/impl_1/system_wrapper.sysdef C:/ucos_ex2017/ucos_ex2017.sdk/system_wrapper.hdf

launch_sdk -workspace C:/ucos_ex2017/ucos_ex2017.sdk -hwspec C:/ucos_ex2017/ucos_ex2017.sdk/system_wrapper.hdf
INFO: [Vivado 12-393] Launching SDK...
INFO: [Vivado 12-417] Running xsdk -workspace C:/ucos_ex2017/ucos_ex2017.sdk -hwspec C:/ucos_ex2017/ucos_ex2017.sdk/system_wrapper.hdf
INFO: [Vivado 12-3157] SDK launch initiated. Please check console for any further messages.
WARNING: [IP_Flow 19-474] Invalid Parameter 'Component_Name'
exit
INFO: [Common 17-206] Exiting Vivado at Thu Jul 26 12:05:19 2018...
