#-----------------------------------------------------------
# Vivado v2017.1 (64-bit)
# SW Build 1846317 on Fri Apr 14 18:55:03 MDT 2017
# IP Build 1846188 on Fri Apr 14 20:52:08 MDT 2017
# Start of session at: Thu Jul 26 09:28:55 2018
# Process ID: 16936
# Current directory: C:/ucos_ex2017
# Command line: vivado.exe -gui_launcher_event rodinguilauncherevent17388 C:\ucos_ex2017\ucos_ex2017.xpr
# Log file: C:/ucos_ex2017/vivado.log
# Journal file: C:/ucos_ex2017\vivado.jou
#-----------------------------------------------------------
start_gui
open_project C:/ucos_ex2017/ucos_ex2017.xpr
INFO: [Project 1-313] Project file moved from 'D:/HUA/workspace/Project/DC_Drive/firmware/ucos_ex2017' since last save.
Scanning sources...
Finished scanning sources
INFO: [IP_Flow 19-234] Refreshing IP repositories
INFO: [IP_Flow 19-1704] No user IP repositories specified
INFO: [IP_Flow 19-2313] Loaded Vivado IP repository 'C:/Xilinx/Vivado/2017.1/data/ip'.
open_project: Time (s): cpu = 00:00:23 ; elapsed = 00:00:13 . Memory (MB): peak = 881.902 ; gain = 134.570
launch_sdk -workspace C:/ucos_ex2017/ucos_ex2017.sdk -hwspec C:/ucos_ex2017/ucos_ex2017.sdk/system_wrapper.hdf
INFO: [Vivado 12-393] Launching SDK...
INFO: [Vivado 12-417] Running xsdk -workspace C:/ucos_ex2017/ucos_ex2017.sdk -hwspec C:/ucos_ex2017/ucos_ex2017.sdk/system_wrapper.hdf
INFO: [Vivado 12-3157] SDK launch initiated. Please check console for any further messages.
update_compile_order -fileset sources_1
open_bd_design {C:/ucos_ex2017/ucos_ex2017.srcs/sources_1/bd/system/system.bd}
Adding cell -- xilinx.com:ip:processing_system7:5.5 - processing_system7_0
Adding cell -- xilinx.com:ip:axi_timer:2.0 - axi_timer_0
Adding cell -- xilinx.com:ip:axi_timer:2.0 - axi_timer_1
Adding cell -- xilinx.com:ip:proc_sys_reset:5.0 - rst_ps7_0_50M
Adding cell -- xilinx.com:ip:xlconcat:2.1 - xlconcat_0
Adding cell -- xilinx.com:ip:axi_crossbar:2.1 - xbar
Adding cell -- xilinx.com:ip:axi_protocol_converter:2.1 - auto_pc
Successfully read diagram <system> from BD file <C:/ucos_ex2017/ucos_ex2017.srcs/sources_1/bd/system/system.bd>
open_bd_design: Time (s): cpu = 00:00:09 ; elapsed = 00:00:12 . Memory (MB): peak = 920.895 ; gain = 38.992
WARNING: [IP_Flow 19-474] Invalid Parameter 'Component_Name'
startgroup
set_property -dict [list CONFIG.PCW_GPIO_MIO_GPIO_ENABLE {1} CONFIG.PCW_GPIO_MIO_GPIO_IO {MIO} CONFIG.PCW_MIO_0_PULLUP {disabled}] [get_bd_cells processing_system7_0]
endgroup
save_bd_design
Wrote  : <C:/ucos_ex2017/ucos_ex2017.srcs/sources_1/bd/system/system.bd> 
Wrote  : <C:/ucos_ex2017/ucos_ex2017.srcs/sources_1/bd/system/ui/bd_c954508f.ui> 
reset_run synth_1
launch_runs impl_1 -to_step write_bitstream -jobs 4
Wrote  : <C:/ucos_ex2017/ucos_ex2017.srcs/sources_1/bd/system/system.bd> 
Verilog Output written to : C:/ucos_ex2017/ucos_ex2017.srcs/sources_1/bd/system/hdl/system.v
Verilog Output written to : C:/ucos_ex2017/ucos_ex2017.srcs/sources_1/bd/system/hdl/system_wrapper.v
INFO: [BD 41-1029] Generation completed for the IP Integrator block processing_system7_0 .
INFO: [BD 41-1029] Generation completed for the IP Integrator block axi_timer_0 .
INFO: [BD 41-1029] Generation completed for the IP Integrator block axi_timer_1 .
INFO: [BD 41-1029] Generation completed for the IP Integrator block rst_ps7_0_50M .
INFO: [BD 41-1029] Generation completed for the IP Integrator block xlconcat_0 .
INFO: [BD 41-1029] Generation completed for the IP Integrator block ps7_0_axi_periph/xbar .
WARNING: [IP_Flow 19-4994] Overwriting existing constraint file 'c:/ucos_ex2017/ucos_ex2017.srcs/sources_1/bd/system/ip/system_auto_pc_0/system_auto_pc_0_ooc.xdc'
INFO: [BD 41-1029] Generation completed for the IP Integrator block ps7_0_axi_periph/s00_couplers/auto_pc .
Exporting to file C:/ucos_ex2017/ucos_ex2017.srcs/sources_1/bd/system/hw_handoff/system.hwh
Generated Block Design Tcl file C:/ucos_ex2017/ucos_ex2017.srcs/sources_1/bd/system/hw_handoff/system_bd.tcl
Generated Hardware Definition File C:/ucos_ex2017/ucos_ex2017.srcs/sources_1/bd/system/hdl/system.hwdef
[Thu Jul 26 09:54:08 2018] Launched synth_1...
Run output will be captured here: C:/ucos_ex2017/ucos_ex2017.runs/synth_1/runme.log
[Thu Jul 26 09:54:08 2018] Launched impl_1...
Run output will be captured here: C:/ucos_ex2017/ucos_ex2017.runs/impl_1/runme.log
launch_runs: Time (s): cpu = 00:00:32 ; elapsed = 00:00:36 . Memory (MB): peak = 1111.184 ; gain = 77.535
