#-----------------------------------------------------------
# Vivado v2017.1 (64-bit)
# SW Build 1846317 on Fri Apr 14 18:55:03 MDT 2017
# IP Build 1846188 on Fri Apr 14 20:52:08 MDT 2017
# Start of session at: Thu Jul 26 15:57:21 2018
# Process ID: 4680
# Current directory: C:/ucos_ex2017
# Command line: vivado.exe -gui_launcher_event rodinguilauncherevent15792 C:\ucos_ex2017\ucos_ex2017.xpr
# Log file: C:/ucos_ex2017/vivado.log
# Journal file: C:/ucos_ex2017\vivado.jou
#-----------------------------------------------------------
start_gui
open_project C:/ucos_ex2017/ucos_ex2017.xpr
Scanning sources...
Finished scanning sources
INFO: [IP_Flow 19-234] Refreshing IP repositories
INFO: [IP_Flow 19-1704] No user IP repositories specified
INFO: [IP_Flow 19-2313] Loaded Vivado IP repository 'C:/Xilinx/Vivado/2017.1/data/ip'.
open_project: Time (s): cpu = 00:00:24 ; elapsed = 00:00:16 . Memory (MB): peak = 852.918 ; gain = 103.199
update_compile_order -fileset sources_1
launch_sdk -workspace C:/ucos_ex2017/ucos_ex2017.sdk -hwspec C:/ucos_ex2017/ucos_ex2017.sdk/system_wrapper.hdf
INFO: [Vivado 12-393] Launching SDK...
INFO: [Vivado 12-417] Running xsdk -workspace C:/ucos_ex2017/ucos_ex2017.sdk -hwspec C:/ucos_ex2017/ucos_ex2017.sdk/system_wrapper.hdf
INFO: [Vivado 12-3157] SDK launch initiated. Please check console for any further messages.
exit
INFO: [Common 17-206] Exiting Vivado at Thu Jul 26 16:04:27 2018...
