09:38:04 **** Auto Build of project second_wind_bsp ****
make -k all 
"Running Make include in ps7_cortexa9_0/libsrc/coresightps_dcc_v1_4/src"
make -C ps7_cortexa9_0/libsrc/coresightps_dcc_v1_4/src -s include  "SHELL=CMD" "COMPILER=arm-none-eabi-gcc" "ARCHIVER=arm-none-eabi-ar" "COMPILER_FLAGS=  -O2 -c" "EXTRA_COMPILER_FLAGS=-g -mcpu=cortex-a9 -mfpu=vfpv3 -mfloat-abi=hard"
"Running Make include in ps7_cortexa9_0/libsrc/ddrps_v1_0/src"
make -C ps7_cortexa9_0/libsrc/ddrps_v1_0/src -s include  "SHELL=CMD" "COMPILER=arm-none-eabi-gcc" "ARCHIVER=arm-none-eabi-ar" "COMPILER_FLAGS=  -O2 -c" "EXTRA_COMPILER_FLAGS=-g -mcpu=cortex-a9 -mfpu=vfpv3 -mfloat-abi=hard"
"Running Make include in ps7_cortexa9_0/libsrc/devcfg_v3_4/src"
make -C ps7_cortexa9_0/libsrc/devcfg_v3_4/src -s include  "SHELL=CMD" "COMPILER=arm-none-eabi-gcc" "ARCHIVER=arm-none-eabi-ar" "COMPILER_FLAGS=  -O2 -c" "EXTRA_COMPILER_FLAGS=-g -mcpu=cortex-a9 -mfpu=vfpv3 -mfloat-abi=hard"
"Running Make include in ps7_cortexa9_0/libsrc/dmaps_v2_3/src"
make -C ps7_cortexa9_0/libsrc/dmaps_v2_3/src -s include  "SHELL=CMD" "COMPILER=arm-none-eabi-gcc" "ARCHIVER=arm-none-eabi-ar" "COMPILER_FLAGS=  -O2 -c" "EXTRA_COMPILER_FLAGS=-g -mcpu=cortex-a9 -mfpu=vfpv3 -mfloat-abi=hard"
"Running Make include in ps7_cortexa9_0/libsrc/scuwdt_v2_1/src"
make -C ps7_cortexa9_0/libsrc/scuwdt_v2_1/src -s include  "SHELL=CMD" "COMPILER=arm-none-eabi-gcc" "ARCHIVER=arm-none-eabi-ar" "COMPILER_FLAGS=  -O2 -c" "EXTRA_COMPILER_FLAGS=-g -mcpu=cortex-a9 -mfpu=vfpv3 -mfloat-abi=hard"
"Running Make include in ps7_cortexa9_0/libsrc/tmrctr_v4_3/src"
make -C ps7_cortexa9_0/libsrc/tmrctr_v4_3/src -s include  "SHELL=CMD" "COMPILER=arm-none-eabi-gcc" "ARCHIVER=arm-none-eabi-ar" "COMPILER_FLAGS=  -O2 -c" "EXTRA_COMPILER_FLAGS=-g -mcpu=cortex-a9 -mfpu=vfpv3 -mfloat-abi=hard"
"Running Make include in ps7_cortexa9_0/libsrc/ucos_axitimer_v1_43/src"
make -C ps7_cortexa9_0/libsrc/ucos_axitimer_v1_43/src -s include  "SHELL=CMD" "COMPILER=arm-none-eabi-gcc" "ARCHIVER=arm-none-eabi-ar" "COMPILER_FLAGS=  -O2 -c" "EXTRA_COMPILER_FLAGS=-g -mcpu=cortex-a9 -mfpu=vfpv3 -mfloat-abi=hard"
"Running Make include in ps7_cortexa9_0/libsrc/ucos_common_v1_43/src"
make -C ps7_cortexa9_0/libsrc/ucos_common_v1_43/src -s include  "SHELL=CMD" "COMPILER=arm-none-eabi-gcc" "ARCHIVER=arm-none-eabi-ar" "COMPILER_FLAGS=  -O2 -c" "EXTRA_COMPILER_FLAGS=-g -mcpu=cortex-a9 -mfpu=vfpv3 -mfloat-abi=hard"
"Running Make include in ps7_cortexa9_0/libsrc/ucos_cpu_cortexa9_v1_43/src"
make -C ps7_cortexa9_0/libsrc/ucos_cpu_cortexa9_v1_43/src -s include  "SHELL=CMD" "COMPILER=arm-none-eabi-gcc" "ARCHIVER=arm-none-eabi-ar" "COMPILER_FLAGS=  -O2 -c" "EXTRA_COMPILER_FLAGS=-g -mcpu=cortex-a9 -mfpu=vfpv3 -mfloat-abi=hard"
"Running Make include in ps7_cortexa9_0/libsrc/ucos_l2cachec_v1_43/src"
make -C ps7_cortexa9_0/libsrc/ucos_l2cachec_v1_43/src -s include  "SHELL=CMD" "COMPILER=arm-none-eabi-gcc" "ARCHIVER=arm-none-eabi-ar" "COMPILER_FLAGS=  -O2 -c" "EXTRA_COMPILER_FLAGS=-g -mcpu=cortex-a9 -mfpu=vfpv3 -mfloat-abi=hard"
"Running Make include in ps7_cortexa9_0/libsrc/ucos_osiii_v1_43/src"
make -C ps7_cortexa9_0/libsrc/ucos_osiii_v1_43/src -s include  "SHELL=CMD" "COMPILER=arm-none-eabi-gcc" "ARCHIVER=arm-none-eabi-ar" "COMPILER_FLAGS=  -O2 -c" "EXTRA_COMPILER_FLAGS=-g -mcpu=cortex-a9 -mfpu=vfpv3 -mfloat-abi=hard"
"Running Make include in ps7_cortexa9_0/libsrc/ucos_scuc_v1_43/src"
make -C ps7_cortexa9_0/libsrc/ucos_scuc_v1_43/src -s include  "SHELL=CMD" "COMPILER=arm-none-eabi-gcc" "ARCHIVER=arm-none-eabi-ar" "COMPILER_FLAGS=  -O2 -c" "EXTRA_COMPILER_FLAGS=-g -mcpu=cortex-a9 -mfpu=vfpv3 -mfloat-abi=hard"
"Running Make include in ps7_cortexa9_0/libsrc/ucos_scugic_v1_43/src"
make -C ps7_cortexa9_0/libsrc/ucos_scugic_v1_43/src -s include  "SHELL=CMD" "COMPILER=arm-none-eabi-gcc" "ARCHIVER=arm-none-eabi-ar" "COMPILER_FLAGS=  -O2 -c" "EXTRA_COMPILER_FLAGS=-g -mcpu=cortex-a9 -mfpu=vfpv3 -mfloat-abi=hard"
"Running Make include in ps7_cortexa9_0/libsrc/ucos_scutimer_v1_43/src"
make -C ps7_cortexa9_0/libsrc/ucos_scutimer_v1_43/src -s include  "SHELL=CMD" "COMPILER=arm-none-eabi-gcc" "ARCHIVER=arm-none-eabi-ar" "COMPILER_FLAGS=  -O2 -c" "EXTRA_COMPILER_FLAGS=-g -mcpu=cortex-a9 -mfpu=vfpv3 -mfloat-abi=hard"
"Running Make include in ps7_cortexa9_0/libsrc/ucos_standalone_v1_43/src"
make -C ps7_cortexa9_0/libsrc/ucos_standalone_v1_43/src -s include  "SHELL=CMD" "COMPILER=arm-none-eabi-gcc" "ARCHIVER=arm-none-eabi-ar" "COMPILER_FLAGS=  -O2 -c" "EXTRA_COMPILER_FLAGS=-g -mcpu=cortex-a9 -mfpu=vfpv3 -mfloat-abi=hard"
"Running Make include in ps7_cortexa9_0/libsrc/ucos_uartps_v1_43/src"
make -C ps7_cortexa9_0/libsrc/ucos_uartps_v1_43/src -s include  "SHELL=CMD" "COMPILER=arm-none-eabi-gcc" "ARCHIVER=arm-none-eabi-ar" "COMPILER_FLAGS=  -O2 -c" "EXTRA_COMPILER_FLAGS=-g -mcpu=cortex-a9 -mfpu=vfpv3 -mfloat-abi=hard"
"Running Make include in ps7_cortexa9_0/libsrc/ucos_v1_43/src"
make -C ps7_cortexa9_0/libsrc/ucos_v1_43/src -s include  "SHELL=CMD" "COMPILER=arm-none-eabi-gcc" "ARCHIVER=arm-none-eabi-ar" "COMPILER_FLAGS=  -O2 -c" "EXTRA_COMPILER_FLAGS=-g -mcpu=cortex-a9 -mfpu=vfpv3 -mfloat-abi=hard"
"Running Make include in ps7_cortexa9_0/libsrc/xadcps_v2_2/src"
make -C ps7_cortexa9_0/libsrc/xadcps_v2_2/src -s include  "SHELL=CMD" "COMPILER=arm-none-eabi-gcc" "ARCHIVER=arm-none-eabi-ar" "COMPILER_FLAGS=  -O2 -c" "EXTRA_COMPILER_FLAGS=-g -mcpu=cortex-a9 -mfpu=vfpv3 -mfloat-abi=hard"
"Running Make libs in ps7_cortexa9_0/libsrc/coresightps_dcc_v1_4/src"
make -C ps7_cortexa9_0/libsrc/coresightps_dcc_v1_4/src -s libs  "SHELL=CMD" "COMPILER=arm-none-eabi-gcc" "ARCHIVER=arm-none-eabi-ar" "COMPILER_FLAGS=  -O2 -c" "EXTRA_COMPILER_FLAGS=-g -mcpu=cortex-a9 -mfpu=vfpv3 -mfloat-abi=hard"
"Compiling coresightps_dcc"
arm-none-eabi-ar: creating ../../../lib/libxil.a
"Running Make libs in ps7_cortexa9_0/libsrc/ddrps_v1_0/src"
make -C ps7_cortexa9_0/libsrc/ddrps_v1_0/src -s libs  "SHELL=CMD" "COMPILER=arm-none-eabi-gcc" "ARCHIVER=arm-none-eabi-ar" "COMPILER_FLAGS=  -O2 -c" "EXTRA_COMPILER_FLAGS=-g -mcpu=cortex-a9 -mfpu=vfpv3 -mfloat-abi=hard"
"Compiling ddrps"
"Running Make libs in ps7_cortexa9_0/libsrc/devcfg_v3_4/src"
make -C ps7_cortexa9_0/libsrc/devcfg_v3_4/src -s libs  "SHELL=CMD" "COMPILER=arm-none-eabi-gcc" "ARCHIVER=arm-none-eabi-ar" "COMPILER_FLAGS=  -O2 -c" "EXTRA_COMPILER_FLAGS=-g -mcpu=cortex-a9 -mfpu=vfpv3 -mfloat-abi=hard"
"Compiling devcfg"
"Running Make libs in ps7_cortexa9_0/libsrc/dmaps_v2_3/src"
make -C ps7_cortexa9_0/libsrc/dmaps_v2_3/src -s libs  "SHELL=CMD" "COMPILER=arm-none-eabi-gcc" "ARCHIVER=arm-none-eabi-ar" "COMPILER_FLAGS=  -O2 -c" "EXTRA_COMPILER_FLAGS=-g -mcpu=cortex-a9 -mfpu=vfpv3 -mfloat-abi=hard"
"Compiling dmaps"
"Running Make libs in ps7_cortexa9_0/libsrc/scuwdt_v2_1/src"
make -C ps7_cortexa9_0/libsrc/scuwdt_v2_1/src -s libs  "SHELL=CMD" "COMPILER=arm-none-eabi-gcc" "ARCHIVER=arm-none-eabi-ar" "COMPILER_FLAGS=  -O2 -c" "EXTRA_COMPILER_FLAGS=-g -mcpu=cortex-a9 -mfpu=vfpv3 -mfloat-abi=hard"
"Compiling scuwdt"
"Running Make libs in ps7_cortexa9_0/libsrc/tmrctr_v4_3/src"
make -C ps7_cortexa9_0/libsrc/tmrctr_v4_3/src -s libs  "SHELL=CMD" "COMPILER=arm-none-eabi-gcc" "ARCHIVER=arm-none-eabi-ar" "COMPILER_FLAGS=  -O2 -c" "EXTRA_COMPILER_FLAGS=-g -mcpu=cortex-a9 -mfpu=vfpv3 -mfloat-abi=hard"
"Compiling tmrctr"
"Running Make libs in ps7_cortexa9_0/libsrc/ucos_axitimer_v1_43/src"
make -C ps7_cortexa9_0/libsrc/ucos_axitimer_v1_43/src -s libs  "SHELL=CMD" "COMPILER=arm-none-eabi-gcc" "ARCHIVER=arm-none-eabi-ar" "COMPILER_FLAGS=  -O2 -c" "EXTRA_COMPILER_FLAGS=-g -mcpu=cortex-a9 -mfpu=vfpv3 -mfloat-abi=hard"
"Compiling ucos_axitimer"
arm-none-eabi-ar: creating ../../../lib/libucos.a
"Running Make libs in ps7_cortexa9_0/libsrc/ucos_common_v1_43/src"
make -C ps7_cortexa9_0/libsrc/ucos_common_v1_43/src -s libs  "SHELL=CMD" "COMPILER=arm-none-eabi-gcc" "ARCHIVER=arm-none-eabi-ar" "COMPILER_FLAGS=  -O2 -c" "EXTRA_COMPILER_FLAGS=-g -mcpu=cortex-a9 -mfpu=vfpv3 -mfloat-abi=hard"
"Compiling uC/OS Common Components"
"Running Make libs in ps7_cortexa9_0/libsrc/ucos_cpu_cortexa9_v1_43/src"
make -C ps7_cortexa9_0/libsrc/ucos_cpu_cortexa9_v1_43/src -s libs  "SHELL=CMD" "COMPILER=arm-none-eabi-gcc" "ARCHIVER=arm-none-eabi-ar" "COMPILER_FLAGS=  -O2 -c" "EXTRA_COMPILER_FLAGS=-g -mcpu=cortex-a9 -mfpu=vfpv3 -mfloat-abi=hard"
"Compiling ucos_cpu_cortexa9"
"Running Make libs in ps7_cortexa9_0/libsrc/ucos_l2cachec_v1_43/src"
make -C ps7_cortexa9_0/libsrc/ucos_l2cachec_v1_43/src -s libs  "SHELL=CMD" "COMPILER=arm-none-eabi-gcc" "ARCHIVER=arm-none-eabi-ar" "COMPILER_FLAGS=  -O2 -c" "EXTRA_COMPILER_FLAGS=-g -mcpu=cortex-a9 -mfpu=vfpv3 -mfloat-abi=hard"
"Compiling ucos_scuc"
"Running Make libs in ps7_cortexa9_0/libsrc/ucos_osiii_v1_43/src"
make -C ps7_cortexa9_0/libsrc/ucos_osiii_v1_43/src -s libs  "SHELL=CMD" "COMPILER=arm-none-eabi-gcc" "ARCHIVER=arm-none-eabi-ar" "COMPILER_FLAGS=  -O2 -c" "EXTRA_COMPILER_FLAGS=-g -mcpu=cortex-a9 -mfpu=vfpv3 -mfloat-abi=hard"
"Compiling uC/OS-III"
"Running Make libs in ps7_cortexa9_0/libsrc/ucos_scuc_v1_43/src"
make -C ps7_cortexa9_0/libsrc/ucos_scuc_v1_43/src -s libs  "SHELL=CMD" "COMPILER=arm-none-eabi-gcc" "ARCHIVER=arm-none-eabi-ar" "COMPILER_FLAGS=  -O2 -c" "EXTRA_COMPILER_FLAGS=-g -mcpu=cortex-a9 -mfpu=vfpv3 -mfloat-abi=hard"
"Compiling ucos_l2cachec"
"Running Make libs in ps7_cortexa9_0/libsrc/ucos_scugic_v1_43/src"
make -C ps7_cortexa9_0/libsrc/ucos_scugic_v1_43/src -s libs  "SHELL=CMD" "COMPILER=arm-none-eabi-gcc" "ARCHIVER=arm-none-eabi-ar" "COMPILER_FLAGS=  -O2 -c" "EXTRA_COMPILER_FLAGS=-g -mcpu=cortex-a9 -mfpu=vfpv3 -mfloat-abi=hard"
"Compiling scugic"
"Running Make libs in ps7_cortexa9_0/libsrc/ucos_scutimer_v1_43/src"
make -C ps7_cortexa9_0/libsrc/ucos_scutimer_v1_43/src -s libs  "SHELL=CMD" "COMPILER=arm-none-eabi-gcc" "ARCHIVER=arm-none-eabi-ar" "COMPILER_FLAGS=  -O2 -c" "EXTRA_COMPILER_FLAGS=-g -mcpu=cortex-a9 -mfpu=vfpv3 -mfloat-abi=hard"
"Compiling scutimer"
"Running Make libs in ps7_cortexa9_0/libsrc/ucos_standalone_v1_43/src"
make -C ps7_cortexa9_0/libsrc/ucos_standalone_v1_43/src -s libs  "SHELL=CMD" "COMPILER=arm-none-eabi-gcc" "ARCHIVER=arm-none-eabi-ar" "COMPILER_FLAGS=  -O2 -c" "EXTRA_COMPILER_FLAGS=-g -mcpu=cortex-a9 -mfpu=vfpv3 -mfloat-abi=hard"
"Compiling standalone"
"Running Make libs in ps7_cortexa9_0/libsrc/ucos_uartps_v1_43/src"
make -C ps7_cortexa9_0/libsrc/ucos_uartps_v1_43/src -s libs  "SHELL=CMD" "COMPILER=arm-none-eabi-gcc" "ARCHIVER=arm-none-eabi-ar" "COMPILER_FLAGS=  -O2 -c" "EXTRA_COMPILER_FLAGS=-g -mcpu=cortex-a9 -mfpu=vfpv3 -mfloat-abi=hard"
"Compiling ucos_emacps"
"Running Make libs in ps7_cortexa9_0/libsrc/ucos_v1_43/src"
make -C ps7_cortexa9_0/libsrc/ucos_v1_43/src -s libs  "SHELL=CMD" "COMPILER=arm-none-eabi-gcc" "ARCHIVER=arm-none-eabi-ar" "COMPILER_FLAGS=  -O2 -c" "EXTRA_COMPILER_FLAGS=-g -mcpu=cortex-a9 -mfpu=vfpv3 -mfloat-abi=hard"
"Compiling uC/OS"
"Running Make libs in ps7_cortexa9_0/libsrc/xadcps_v2_2/src"
make -C ps7_cortexa9_0/libsrc/xadcps_v2_2/src -s libs  "SHELL=CMD" "COMPILER=arm-none-eabi-gcc" "ARCHIVER=arm-none-eabi-ar" "COMPILER_FLAGS=  -O2 -c" "EXTRA_COMPILER_FLAGS=-g -mcpu=cortex-a9 -mfpu=vfpv3 -mfloat-abi=hard"
"Compiling xadcps"
'Finished building libraries'

09:38:53 Build Finished (took 49s.808ms)

