Copyright 1986-2017 Xilinx, Inc. All Rights Reserved.
----------------------------------------------------------------------------------------------------------------------------------------------------------------
| Tool Version     : Vivado v.2017.1 (win64) Build 1846317 Fri Apr 14 18:55:03 MDT 2017
| Date             : Thu Jul 26 14:27:14 2018
| Host             : Booker-XPS-13 running 64-bit major release  (build 9200)
| Command          : report_power -file system_wrapper_power_routed.rpt -pb system_wrapper_power_summary_routed.pb -rpx system_wrapper_power_routed.rpx
| Design           : system_wrapper
| Device           : xc7z010clg400-1
| Design State     : routed
| Grade            : commercial
| Process          : typical
| Characterization : Production
----------------------------------------------------------------------------------------------------------------------------------------------------------------

Power Report

Table of Contents
-----------------
1. Summary
1.1 On-Chip Components
1.2 Power Supply Summary
1.3 Confidence Level
2. Settings
2.1 Environment
2.2 Clock Constraints
3. Detailed Reports
3.1 By Hierarchy

1. Summary
----------

+--------------------------+--------+
| Total On-Chip Power (W)  | 1.660  |
| Dynamic (W)              | 1.533  |
| Device Static (W)        | 0.128  |
| Effective TJA (C/W)      | 11.5   |
| Max Ambient (C)          | 65.9   |
| Junction Temperature (C) | 44.1   |
| Confidence Level         | Medium |
| Setting File             | ---    |
| Simulation Activity File | ---    |
| Design Nets Matched      | NA     |
+--------------------------+--------+


1.1 On-Chip Components
----------------------

+-------------------------+-----------+----------+-----------+-----------------+
| On-Chip                 | Power (W) | Used     | Available | Utilization (%) |
+-------------------------+-----------+----------+-----------+-----------------+
| Clocks                  |     0.002 |        3 |       --- |             --- |
| Slice Logic             |     0.002 |     2814 |       --- |             --- |
|   LUT as Logic          |     0.002 |     1015 |     17600 |            5.77 |
|   CARRY4                |    <0.001 |      108 |      4400 |            2.45 |
|   Register              |    <0.001 |     1105 |     35200 |            3.14 |
|   F7/F8 Muxes           |    <0.001 |        4 |     17600 |            0.02 |
|   LUT as Shift Register |    <0.001 |       62 |      6000 |            1.03 |
|   Others                |     0.000 |      278 |       --- |             --- |
| Signals                 |     0.002 |     1775 |       --- |             --- |
| PS7                     |     1.526 |        1 |       --- |             --- |
| Static Power            |     0.128 |          |           |                 |
| Total                   |     1.660 |          |           |                 |
+-------------------------+-----------+----------+-----------+-----------------+


1.2 Power Supply Summary
------------------------

+-----------+-------------+-----------+-------------+------------+
| Source    | Voltage (V) | Total (A) | Dynamic (A) | Static (A) |
+-----------+-------------+-----------+-------------+------------+
| Vccint    |       1.000 |     0.013 |       0.006 |      0.007 |
| Vccaux    |       1.800 |     0.012 |       0.000 |      0.012 |
| Vcco33    |       3.300 |     0.000 |       0.000 |      0.000 |
| Vcco25    |       2.500 |     0.000 |       0.000 |      0.000 |
| Vcco18    |       1.800 |     0.000 |       0.000 |      0.000 |
| Vcco15    |       1.500 |     0.000 |       0.000 |      0.000 |
| Vcco135   |       1.350 |     0.000 |       0.000 |      0.000 |
| Vcco12    |       1.200 |     0.000 |       0.000 |      0.000 |
| Vccaux_io |       1.800 |     0.000 |       0.000 |      0.000 |
| Vccbram   |       1.000 |     0.000 |       0.000 |      0.000 |
| MGTAVcc   |       1.000 |     0.000 |       0.000 |      0.000 |
| MGTAVtt   |       1.200 |     0.000 |       0.000 |      0.000 |
| MGTVccaux |       1.800 |     0.000 |       0.000 |      0.000 |
| Vccpint   |       1.000 |     0.752 |       0.722 |      0.030 |
| Vccpaux   |       1.800 |     0.061 |       0.050 |      0.010 |
| Vccpll    |       1.800 |     0.018 |       0.015 |      0.003 |
| Vcco_ddr  |       1.500 |     0.459 |       0.457 |      0.002 |
| Vcco_mio0 |       3.300 |     0.001 |       0.000 |      0.001 |
| Vcco_mio1 |       3.300 |     0.001 |       0.000 |      0.001 |
| Vccadc    |       1.800 |     0.020 |       0.000 |      0.020 |
+-----------+-------------+-----------+-------------+------------+


1.3 Confidence Level
--------------------

+-----------------------------+------------+------------------------------------------------+------------------------------------------------------------------------------------------------------------+
| User Input Data             | Confidence | Details                                        | Action                                                                                                     |
+-----------------------------+------------+------------------------------------------------+------------------------------------------------------------------------------------------------------------+
| Design implementation state | High       | Design is routed                               |                                                                                                            |
| Clock nodes activity        | High       | User specified more than 95% of clocks         |                                                                                                            |
| I/O nodes activity          | High       | User specified more than 95% of inputs         |                                                                                                            |
| Internal nodes activity     | Medium     | User specified less than 25% of internal nodes | Provide missing internal nodes activity with simulation results or by editing the "By Resource Type" views |
| Device models               | High       | Device models are Production                   |                                                                                                            |
|                             |            |                                                |                                                                                                            |
| Overall confidence level    | Medium     |                                                |                                                                                                            |
+-----------------------------+------------+------------------------------------------------+------------------------------------------------------------------------------------------------------------+


2. Settings
-----------

2.1 Environment
---------------

+-----------------------+------------------------+
| Ambient Temp (C)      | 25.0                   |
| ThetaJA (C/W)         | 11.5                   |
| Airflow (LFM)         | 250                    |
| Heat Sink             | none                   |
| ThetaSA (C/W)         | 0.0                    |
| Board Selection       | medium (10"x10")       |
| # of Board Layers     | 8to11 (8 to 11 Layers) |
| Board Temperature (C) | 25.0                   |
+-----------------------+------------------------+


2.2 Clock Constraints
---------------------

+------------+-----------------------------------------------------------+-----------------+
| Clock      | Domain                                                    | Constraint (ns) |
+------------+-----------------------------------------------------------+-----------------+
| clk_fpga_0 | system_i/processing_system7_0/inst/FCLK_CLK_unbuffered[0] |            20.0 |
+------------+-----------------------------------------------------------+-----------------+


3. Detailed Reports
-------------------

3.1 By Hierarchy
----------------

+-----------------------------------------------------------------------------+-----------+
| Name                                                                        | Power (W) |
+-----------------------------------------------------------------------------+-----------+
| system_wrapper                                                              |     1.533 |
|   system_i                                                                  |     1.533 |
|     axi_timer_0                                                             |     0.002 |
|       U0                                                                    |     0.002 |
|         AXI4_LITE_I                                                         |    <0.001 |
|           I_SLAVE_ATTACHMENT                                                |    <0.001 |
|             I_DECODER                                                       |    <0.001 |
|               MEM_DECODE_GEN[0].PER_CE_GEN[0].MULTIPLE_CES_THIS_CS_GEN.CE_I |    <0.001 |
|               MEM_DECODE_GEN[0].PER_CE_GEN[2].MULTIPLE_CES_THIS_CS_GEN.CE_I |    <0.001 |
|               MEM_DECODE_GEN[0].PER_CE_GEN[4].MULTIPLE_CES_THIS_CS_GEN.CE_I |    <0.001 |
|               MEM_DECODE_GEN[0].PER_CE_GEN[5].MULTIPLE_CES_THIS_CS_GEN.CE_I |    <0.001 |
|               MEM_DECODE_GEN[0].PER_CE_GEN[6].MULTIPLE_CES_THIS_CS_GEN.CE_I |    <0.001 |
|               MEM_DECODE_GEN[0].PER_CE_GEN[7].MULTIPLE_CES_THIS_CS_GEN.CE_I |    <0.001 |
|         TC_CORE_I                                                           |     0.001 |
|           COUNTER_0_I                                                       |    <0.001 |
|             COUNTER_I                                                       |    <0.001 |
|           GEN_SECOND_TIMER.COUNTER_1_I                                      |    <0.001 |
|             COUNTER_I                                                       |    <0.001 |
|           READ_MUX_I                                                        |    <0.001 |
|           TIMER_CONTROL_I                                                   |    <0.001 |
|             INPUT_DOUBLE_REGS3                                              |    <0.001 |
|     axi_timer_1                                                             |     0.002 |
|       U0                                                                    |     0.002 |
|         AXI4_LITE_I                                                         |    <0.001 |
|           I_SLAVE_ATTACHMENT                                                |    <0.001 |
|             I_DECODER                                                       |    <0.001 |
|               MEM_DECODE_GEN[0].PER_CE_GEN[0].MULTIPLE_CES_THIS_CS_GEN.CE_I |    <0.001 |
|               MEM_DECODE_GEN[0].PER_CE_GEN[2].MULTIPLE_CES_THIS_CS_GEN.CE_I |    <0.001 |
|               MEM_DECODE_GEN[0].PER_CE_GEN[4].MULTIPLE_CES_THIS_CS_GEN.CE_I |    <0.001 |
|               MEM_DECODE_GEN[0].PER_CE_GEN[5].MULTIPLE_CES_THIS_CS_GEN.CE_I |    <0.001 |
|               MEM_DECODE_GEN[0].PER_CE_GEN[6].MULTIPLE_CES_THIS_CS_GEN.CE_I |    <0.001 |
|               MEM_DECODE_GEN[0].PER_CE_GEN[7].MULTIPLE_CES_THIS_CS_GEN.CE_I |    <0.001 |
|         TC_CORE_I                                                           |     0.001 |
|           COUNTER_0_I                                                       |    <0.001 |
|             COUNTER_I                                                       |    <0.001 |
|           GEN_SECOND_TIMER.COUNTER_1_I                                      |    <0.001 |
|             COUNTER_I                                                       |    <0.001 |
|           READ_MUX_I                                                        |     0.000 |
|           TIMER_CONTROL_I                                                   |    <0.001 |
|             INPUT_DOUBLE_REGS3                                              |    <0.001 |
|     processing_system7_0                                                    |     1.527 |
|       inst                                                                  |     1.527 |
|     ps7_0_axi_periph                                                        |     0.002 |
|       s00_couplers                                                          |     0.002 |
|         auto_pc                                                             |     0.002 |
|           inst                                                              |     0.002 |
|             gen_axilite.gen_b2s_conv.axilite_b2s                            |     0.002 |
|               RD.ar_channel_0                                               |    <0.001 |
|                 ar_cmd_fsm_0                                                |    <0.001 |
|                 cmd_translator_0                                            |    <0.001 |
|                   incr_cmd_0                                                |    <0.001 |
|                   wrap_cmd_0                                                |    <0.001 |
|               RD.r_channel_0                                                |    <0.001 |
|                 rd_data_fifo_0                                              |    <0.001 |
|                 transaction_fifo_0                                          |    <0.001 |
|               SI_REG                                                        |    <0.001 |
|                 ar_pipe                                                     |    <0.001 |
|                 aw_pipe                                                     |    <0.001 |
|                 b_pipe                                                      |    <0.001 |
|                 r_pipe                                                      |    <0.001 |
|               WR.aw_channel_0                                               |    <0.001 |
|                 aw_cmd_fsm_0                                                |    <0.001 |
|                 cmd_translator_0                                            |    <0.001 |
|                   incr_cmd_0                                                |    <0.001 |
|                   wrap_cmd_0                                                |    <0.001 |
|               WR.b_channel_0                                                |    <0.001 |
|                 bid_fifo_0                                                  |    <0.001 |
|                 bresp_fifo_0                                                |    <0.001 |
|       xbar                                                                  |    <0.001 |
|         inst                                                                |    <0.001 |
|           gen_sasd.crossbar_sasd_0                                          |    <0.001 |
|             addr_arbiter_inst                                               |    <0.001 |
|             gen_decerr.decerr_slave_inst                                    |    <0.001 |
|             reg_slice_r                                                     |    <0.001 |
|             splitter_ar                                                     |    <0.001 |
|             splitter_aw                                                     |    <0.001 |
|     rst_ps7_0_50M                                                           |    <0.001 |
|       U0                                                                    |    <0.001 |
|         EXT_LPF                                                             |    <0.001 |
|           ACTIVE_LOW_EXT.ACT_LO_EXT                                         |    <0.001 |
|         SEQ                                                                 |    <0.001 |
|           SEQ_COUNTER                                                       |    <0.001 |
|     xlconcat_0                                                              |     0.000 |
+-----------------------------------------------------------------------------+-----------+


