#-----------------------------------------------------------
# Webtalk v2017.1 (64-bit)
# SW Build 1846317 on Fri Apr 14 18:55:03 MDT 2017
# 
# Start of session at: Thu Jul 26 12:26:55 2018
# Process ID: 9436
# Current directory: C:/ucos_ex2017/ucos_ex2017.sdk/webtalk
# Command line: wbtcv.exe -mode batch -source sdk_webtalk.tcl
# Log file: C:/ucos_ex2017/ucos_ex2017.sdk/webtalk/webtalk.log
# Journal file: C:/ucos_ex2017/ucos_ex2017.sdk/webtalk\webtalk.jou
#-----------------------------------------------------------
source sdk_webtalk.tcl
# webtalk_init -webtalk_dir C:\\ucos_ex2017\\ucos_ex2017.sdk\\webtalk
# webtalk_register_client -client project
# webtalk_add_data -client project -key date_generated -value "2018-07-26 12:26:49" -context "software_version_and_target_device"
# webtalk_add_data -client project -key product_version -value "SDK v2017.1" -context "software_version_and_target_device"
# webtalk_add_data -client project -key build_version -value "2017.1" -context "software_version_and_target_device"
# webtalk_add_data -client project -key os_platform -value "amd64" -context "software_version_and_target_device"
# webtalk_add_data -client project -key registration_id -value "" -context "software_version_and_target_device"
# webtalk_add_data -client project -key tool_flow -value "SDK" -context "software_version_and_target_device"
# webtalk_add_data -client project -key beta -value "false" -context "software_version_and_target_device"
# webtalk_add_data -client project -key route_design -value "NA" -context "software_version_and_target_device"
# webtalk_add_data -client project -key target_family -value "NA" -context "software_version_and_target_device"
# webtalk_add_data -client project -key target_device -value "NA" -context "software_version_and_target_device"
# webtalk_add_data -client project -key target_package -value "NA" -context "software_version_and_target_device"
# webtalk_add_data -client project -key target_speed -value "NA" -context "software_version_and_target_device"
# webtalk_add_data -client project -key random_id -value "m57cbi79otb0l1e78mitgmjtgl" -context "software_version_and_target_device"
# webtalk_add_data -client project -key project_id -value "2017.1_21" -context "software_version_and_target_device"
# webtalk_add_data -client project -key project_iteration -value "21" -context "software_version_and_target_device"
# webtalk_add_data -client project -key os_name -value "Microsoft Windows 8 or later , 64-bit" -context "user_environment"
# webtalk_add_data -client project -key os_release -value "major release  (build 9200)" -context "user_environment"
# webtalk_add_data -client project -key cpu_name -value "Intel(R) Core(TM) i5-5200U CPU @ 2.20GHz" -context "user_environment"
# webtalk_add_data -client project -key cpu_speed -value "2195 MHz" -context "user_environment"
# webtalk_add_data -client project -key total_processors -value "1" -context "user_environment"
# webtalk_add_data -client project -key system_ram -value "4.000 GB" -context "user_environment"
# webtalk_register_client -client sdk
# webtalk_add_data -client sdk -key uid -value "1532578313402" -context "sdk\\\\hardware/1532578313402"
# webtalk_add_data -client sdk -key isZynq -value "true" -context "sdk\\\\hardware/1532578313402"
# webtalk_add_data -client sdk -key isZynqMP -value "false" -context "sdk\\\\hardware/1532578313402"
# webtalk_add_data -client sdk -key Processors -value "2" -context "sdk\\\\hardware/1532578313402"
# webtalk_add_data -client sdk -key VivadoVersion -value "2017.1" -context "sdk\\\\hardware/1532578313402"
# webtalk_add_data -client sdk -key Arch -value "zynq" -context "sdk\\\\hardware/1532578313402"
# webtalk_add_data -client sdk -key Device -value "7z010" -context "sdk\\\\hardware/1532578313402"
# webtalk_add_data -client sdk -key IsHandoff -value "true" -context "sdk\\\\hardware/1532578313402"
# webtalk_add_data -client sdk -key os -value "NA" -context "sdk\\\\hardware/1532578313402"
# webtalk_add_data -client sdk -key apptemplate -value "NA" -context "sdk\\\\hardware/1532578313402"
# webtalk_add_data -client sdk -key RecordType -value "HWCreation" -context "sdk\\\\hardware/1532578313402"
# webtalk_add_data -client sdk -key uid -value "NA" -context "sdk\\\\bsp/1532579209970"
# webtalk_add_data -client sdk -key RecordType -value "ToolUsage" -context "sdk\\\\bsp/1532579209970"
# webtalk_add_data -client sdk -key BootgenCount -value "0" -context "sdk\\\\bsp/1532579209970"
# webtalk_add_data -client sdk -key DebugCount -value "3" -context "sdk\\\\bsp/1532579209970"
# webtalk_add_data -client sdk -key PerfCount -value "0" -context "sdk\\\\bsp/1532579209970"
# webtalk_add_data -client sdk -key FlashCount -value "0" -context "sdk\\\\bsp/1532579209970"
# webtalk_add_data -client sdk -key CrossTriggCount -value "0" -context "sdk\\\\bsp/1532579209970"
# webtalk_add_data -client sdk -key QemuDebugCount -value "0" -context "sdk\\\\bsp/1532579209970"
# webtalk_transmit -clientid 615890051 -regid "" -xml C:\\ucos_ex2017\\ucos_ex2017.sdk\\webtalk\\usage_statistics_ext_sdk.xml -html C:\\ucos_ex2017\\ucos_ex2017.sdk\\webtalk\\usage_statistics_ext_sdk.html -wdm C:\\ucos_ex2017\\ucos_ex2017.sdk\\webtalk\\sdk_webtalk.wdm -intro "<H3>SDK Usage Report</H3><BR>"
INFO: [Common 17-186] 'C:\ucos_ex2017\ucos_ex2017.sdk\webtalk\usage_statistics_ext_sdk.xml' has been successfully sent to Xilinx on Thu Jul 26 12:27:02 2018. For additional details about this file, please refer to the WebTalk help file at C:/Xilinx/SDK/2017.1/doc/webtalk_introduction.html.
# webtalk_terminate
INFO: [Common 17-206] Exiting Webtalk at Thu Jul 26 12:27:02 2018...
